<?xml version="1.0" encoding="UTF-8"?>
<!-- Generated by org.testng.reporters.JUnitXMLReporter -->
<testsuite ignored="0" hostname="DESKTOP-MCOATVM" failures="0" tests="3" name="Default test" time="0.276" errors="0" timestamp="2024-09-20T12:55:46 IST">
  <testcase classname="TestNGPackage.DependsOnMenthods" name="sampleOne" time="0.1"/>
  <testcase classname="TestNGPackage.DependsOnMenthods" name="sampleTwo" time="0.003"/>
  <testcase classname="TestNGPackage.DependsOnMenthods" name="sampleThree" time="0.005"/>
</testsuite> <!-- Default test -->
