<?xml version="1.0" encoding="UTF-8"?>
<!-- Generated by org.testng.reporters.JUnitXMLReporter -->
<testsuite ignored="0" hostname="DESKTOP-MCOATVM" failures="0" tests="4" name="Test" time="16.714" errors="0" timestamp="2024-09-21T00:25:35 IST">
  <testcase classname="com.runner.OpenMrsRunner" name="Generalactions" time="3.87"/>
  <testcase classname="com.runner.OpenMrsRunner" name="NavigateBack" time="0.022"/>
  <testcase classname="com.runner.OpenMrsRunner" name="Registerpatient" time="0.512"/>
  <testcase classname="com.runner.OpenMrsRunner" name="validLoginTest" time="5.708"/>
</testsuite> <!-- Test -->
