<?xml version="1.0" encoding="UTF-8"?>
<testng-results ignored="0" total="4" passed="4" failed="0" skipped="0">
  <reporter-output>
  </reporter-output>
  <suite started-at="2024-09-21T00:25:18 IST" name="Suite" finished-at="2024-09-21T00:25:35 IST" duration-ms="16714">
    <groups>
    </groups>
    <test started-at="2024-09-21T00:25:18 IST" name="Test" finished-at="2024-09-21T00:25:35 IST" duration-ms="16714">
      <class name="com.runner.OpenMrsRunner">
        <test-method is-config="true" signature="extentStartUp()[pri:0, instance:com.runner.OpenMrsRunner@54e7df6a]" started-at="2024-09-21T00:25:17 IST" name="extentStartUp" finished-at="2024-09-21T00:25:18 IST" duration-ms="830" status="PASS">
          <reporter-output>
          </reporter-output>
        </test-method> <!-- extentStartUp -->
        <test-method is-config="true" signature="setUp()[pri:0, instance:com.runner.OpenMrsRunner@54e7df6a]" started-at="2024-09-21T00:25:18 IST" name="setUp" finished-at="2024-09-21T00:25:23 IST" duration-ms="5369" status="PASS">
          <reporter-output>
          </reporter-output>
        </test-method> <!-- setUp -->
        <test-method signature="Generalactions()[pri:0, instance:com.runner.OpenMrsRunner@54e7df6a]" started-at="2024-09-21T00:25:23 IST" name="Generalactions" finished-at="2024-09-21T00:25:27 IST" duration-ms="3870" status="PASS">
          <reporter-output>
          </reporter-output>
        </test-method> <!-- Generalactions -->
        <test-method signature="NavigateBack()[pri:0, instance:com.runner.OpenMrsRunner@54e7df6a]" started-at="2024-09-21T00:25:28 IST" name="NavigateBack" finished-at="2024-09-21T00:25:28 IST" duration-ms="22" status="PASS">
          <reporter-output>
          </reporter-output>
        </test-method> <!-- NavigateBack -->
        <test-method signature="Registerpatient()[pri:0, instance:com.runner.OpenMrsRunner@54e7df6a]" started-at="2024-09-21T00:25:28 IST" name="Registerpatient" finished-at="2024-09-21T00:25:28 IST" duration-ms="512" status="PASS">
          <reporter-output>
          </reporter-output>
        </test-method> <!-- Registerpatient -->
        <test-method signature="validLoginTest()[pri:0, instance:com.runner.OpenMrsRunner@54e7df6a]" started-at="2024-09-21T00:25:29 IST" name="validLoginTest" finished-at="2024-09-21T00:25:34 IST" duration-ms="5708" status="PASS">
          <reporter-output>
          </reporter-output>
        </test-method> <!-- validLoginTest -->
        <test-method is-config="true" signature="termination()[pri:0, instance:com.runner.OpenMrsRunner@54e7df6a]" started-at="2024-09-21T00:25:34 IST" name="termination" finished-at="2024-09-21T00:25:35 IST" duration-ms="327" status="PASS">
          <reporter-output>
          </reporter-output>
        </test-method> <!-- termination -->
        <test-method is-config="true" signature="extentReportEnd()[pri:0, instance:com.runner.OpenMrsRunner@54e7df6a]" started-at="2024-09-21T00:25:35 IST" name="extentReportEnd" finished-at="2024-09-21T00:25:36 IST" duration-ms="1596" status="PASS">
          <reporter-output>
          </reporter-output>
        </test-method> <!-- extentReportEnd -->
      </class> <!-- com.runner.OpenMrsRunner -->
    </test> <!-- Test -->
  </suite> <!-- Suite -->
</testng-results>
